<?xml version="1.0" encoding="UTF-8"?>
<testsuite name="Login Logout"
           tests="2"
           failures="0"
           errors="0"
           skipped="0"
           time="116.038">
  <properties />
  
  
            <testcase name="createNewCustomerWithAllDetails" time="93.836" classname="com.mobizio.testscript.CreateDeviceWithAllDetail" />
                <testcase name="createNewCustomerWithAllDetails" time="22.202" classname="com.mobizio.testscript.CreateDeviceWithAllDetail" />
      
</testsuite>
